<?xml version="1.0" encoding="UTF-8"?>
<!-- Generated by org.testng.reporters.JUnitXMLReporter -->
<testsuite hostname="DESKTOP-B1HDJAB" ignored="0" name="Test" tests="4" failures="0" timestamp="2022-01-31T20:51:08 IST" time="0.081" errors="0">
  <testcase name="tc4" time="0.01" classname="sample.Test3"/>
  <testcase name="tc3" time="0.003" classname="sample.Test2"/>
  <testcase name="tc2" time="0.004" classname="sample.Test1"/>
  <testcase name="tc1" time="0.003" classname="sample.Test0"/>
</testsuite> <!-- Test -->
